[  0%] Built target std_msgs_generate_messages_py
[  0%] Built target rosgraph_msgs_generate_messages_nodejs
[  0%] Built target std_msgs_generate_messages_nodejs
[  0%] Built target std_msgs_generate_messages_lisp
[  0%] Built target roscpp_generate_messages_eus
[  0%] Built target roscpp_generate_messages_py
[  0%] Built target std_msgs_generate_messages_cpp
[  0%] Built target roscpp_generate_messages_cpp
[  0%] Built target rosgraph_msgs_generate_messages_py
[  0%] Built target rosgraph_msgs_generate_messages_lisp
[  0%] Built target roscpp_generate_messages_lisp
[  0%] Built target roscpp_generate_messages_nodejs
[  0%] Built target rosgraph_msgs_generate_messages_eus
[  0%] Built target rosgraph_msgs_generate_messages_cpp
[  0%] Built target std_msgs_generate_messages_eus
[35m[1mScanning dependencies of target simple_service_server[0m
[ 50%] [32mBuilding CXX object CMakeFiles/simple_service_server.dir/src/simple_service_server.cpp.o[0m
[01m[K/home/user/catkin_ws/src/service_server_pkg/src/simple_service_server.cpp:[m[K In function '[01m[Kint main(int, char**)[m[K':
[01m[K/home/user/catkin_ws/src/service_server_pkg/src/simple_service_server.cpp:33:8:[m[K [01;31m[Kerror: [m[K'[01m[Kspinonce[m[K' is not a member of '[01m[Kros[m[K'; did you mean '[01m[KspinOnce[m[K'?
   33 |   ros::[01;31m[Kspinonce[m[K();
      |        [01;31m[K^~~~~~~~[m[K
      |        [32m[KspinOnce[m[K
make[2]: *** [CMakeFiles/simple_service_server.dir/build.make:63: CMakeFiles/simple_service_server.dir/src/simple_service_server.cpp.o] Error 1
make[1]: *** [CMakeFiles/Makefile2:655: CMakeFiles/simple_service_server.dir/all] Error 2
make: *** [Makefile:141: all] Error 2
