[01m[K/home/user/catkin_ws/src/services_quiz/src/bb8_move_custom_service_server.cpp:[m[K In function '[01m[Kbool my_callback(services_quiz::BB8CustomServiceMessage::Request&, services_quiz::BB8CustomServiceMessage::Response&)[m[K':
[01m[K/home/user/catkin_ws/src/services_quiz/src/bb8_move_custom_service_server.cpp:16:27:[m[K [01;31m[Kerror: [m[Kexpected '[01m[K;[m[K' before '[01m[K)[m[K' token
   16 |            req.repetitions[01;31m[K)[m[K;
      |                           [01;31m[K^[m[K
      |                           [32m[K;[m[K
make[2]: *** [CMakeFiles/bb8_move_custom_service_server.dir/build.make:63: CMakeFiles/bb8_move_custom_service_server.dir/src/bb8_move_custom_service_server.cpp.o] Error 1
make[1]: *** [CMakeFiles/Makefile2:225: CMakeFiles/bb8_move_custom_service_server.dir/all] Error 2
make: *** [Makefile:141: all] Error 2
