[01m[K/home/user/catkin_ws/src/services_quiz/src/bb8_move_custom_service_client.cpp:[m[K In function '[01m[Kint main(int, char**)[m[K':
[01m[K/home/user/catkin_ws/src/services_quiz/src/bb8_move_custom_service_client.cpp:14:7:[m[K [01;31m[Kerror: [m[K'[01m[Kstruct services_quiz::BB8CustomServiceMessage[m[K' has no member named '[01m[Kreq[m[K'
   14 |   srv.[01;31m[Kreq[m[K.side = 3; // Create an object of type MyCustomServiceMessage
      |       [01;31m[K^~~[m[K
[01m[K/home/user/catkin_ws/src/services_quiz/src/bb8_move_custom_service_client.cpp:15:3:[m[K [01;31m[Kerror: [m[K'[01m[Kreq[m[K' was not declared in this scope
   15 |   [01;31m[Kreq[m[K.repetitions = 2;
      |   [01;31m[K^~~[m[K
[01m[K/home/user/catkin_ws/src/services_quiz/src/bb8_move_custom_service_client.cpp:17:7:[m[K [01;31m[Kerror: [m[K'[01m[Kmove_bb8_in_circle_service_client[m[K' was not declared in this scope; did you mean '[01m[Kmove_bb8_in_square_service_client[m[K'?
   17 |   if ([01;31m[Kmove_bb8_in_circle_service_client[m[K.call(srv)) {
      |       [01;31m[K^~~~~~~~~~~~~~~~~~~~~~~~~~~~~~~~~[m[K
      |       [32m[Kmove_bb8_in_square_service_client[m[K
make[2]: *** [CMakeFiles/bb8_move_custom_service_client.dir/build.make:63: CMakeFiles/bb8_move_custom_service_client.dir/src/bb8_move_custom_service_client.cpp.o] Error 1
make[1]: *** [CMakeFiles/Makefile2:184: CMakeFiles/bb8_move_custom_service_client.dir/all] Error 2
make: *** [Makefile:141: all] Error 2
