In file included from [01m[K/opt/ros/noetic/include/ros/ros.h:40[m[K,
                 from [01m[K/home/user/catkin_ws/src/topic_subscriber_pkg/src/simple_topic_subscriber.cpp:2[m[K:
[01m[K/home/user/catkin_ws/src/topic_subscriber_pkg/src/simple_topic_subscriber.cpp:[m[K In function '[01m[Kvoid odomCallback(const ConstPtr&)[m[K':
[01m[K/home/user/catkin_ws/src/topic_subscriber_pkg/src/simple_topic_subscriber.cpp:13:18:[m[K [01;31m[Kerror: [m[K'[01m[Kmsg[m[K' was not declared in this scope
   13 |   ROS_INFO("%s", [01;31m[Kmsg[m[K->header.frame_id.c_str());
      |                  [01;31m[K^~~[m[K
[01m[K/opt/ros/noetic/include/ros/console.h:351:165:[m[K [01;36m[Knote: [m[Kin definition of macro '[01m[KROSCONSOLE_PRINT_AT_LOCATION_WITH_FILTER[m[K'
  351 |     ::ros::console::print(filter, __rosconsole_define_location__loc.logger_, __rosconsole_define_location__loc.level_, __FILE__, __LINE__, __ROSCONSOLE_FUNCTION__, [01;36m[K__VA_ARGS__[m[K)
      |                                                                                                                                                                     [01;36m[K^~~~~~~~~~~[m[K
[01m[K/opt/ros/noetic/include/ros/console.h:390:7:[m[K [01;36m[Knote: [m[Kin expansion of macro '[01m[KROSCONSOLE_PRINT_AT_LOCATION[m[K'
  390 |       [01;36m[KROSCONSOLE_PRINT_AT_LOCATION[m[K(__VA_ARGS__); \
      |       [01;36m[K^~~~~~~~~~~~~~~~~~~~~~~~~~~~[m[K
[01m[K/opt/ros/noetic/include/ros/console.h:575:35:[m[K [01;36m[Knote: [m[Kin expansion of macro '[01m[KROS_LOG_COND[m[K'
  575 | #define ROS_LOG(level, name, ...) [01;36m[KROS_LOG_COND[m[K(true, level, name, __VA_ARGS__)
      |                                   [01;36m[K^~~~~~~~~~~~[m[K
[01m[K/opt/ros/noetic/include/rosconsole/macros_generated.h:110:23:[m[K [01;36m[Knote: [m[Kin expansion of macro '[01m[KROS_LOG[m[K'
  110 | #define ROS_INFO(...) [01;36m[KROS_LOG[m[K(::ros::console::levels::Info, ROSCONSOLE_DEFAULT_NAME, __VA_ARGS__)
      |                       [01;36m[K^~~~~~~[m[K
[01m[K/home/user/catkin_ws/src/topic_subscriber_pkg/src/simple_topic_subscriber.cpp:13:3:[m[K [01;36m[Knote: [m[Kin expansion of macro '[01m[KROS_INFO[m[K'
   13 |   [01;36m[KROS_INFO[m[K("%s", msg->header.frame_id.c_str());
      |   [01;36m[K^~~~~~~~[m[K
make[2]: *** [CMakeFiles/simple_topic_subscriber.dir/build.make:63: CMakeFiles/simple_topic_subscriber.dir/src/simple_topic_subscriber.cpp.o] Error 1
make[1]: *** [CMakeFiles/Makefile2:169: CMakeFiles/simple_topic_subscriber.dir/all] Error 2
make: *** [Makefile:141: all] Error 2
