[01m[K/home/user/catkin_ws/src/topics_quiz/src/topics_quiz_node.cpp:9:49:[m[K [01;31m[Kerror: [m[K'[01m[KconstPtr[m[K' in '[01m[Ksensor_msgs::LaserScan[m[K' {aka '[01m[Kstruct sensor_msgs::LaserScan_<std::allocator<void> >[m[K'} does not name a type
    9 | void odomCallback(const sensor_msgs::LaserScan::[01;31m[KconstPtr[m[K &msg) {
      |                                                 [01;31m[K^~~~~~~~[m[K
[01m[K/home/user/catkin_ws/src/topics_quiz/src/topics_quiz_node.cpp:[m[K In function '[01m[Kvoid odomCallback(const int&)[m[K':
[01m[K/home/user/catkin_ws/src/topics_quiz/src/topics_quiz_node.cpp:11:18:[m[K [01;31m[Kerror: [m[Kbase operand of '[01m[K->[m[K' is not a pointer
   11 |   double st = msg[01;31m[K->[m[Kranges[360];
      |                  [01;31m[K^~[m[K
[01m[K/home/user/catkin_ws/src/topics_quiz/src/topics_quiz_node.cpp:12:20:[m[K [01;31m[Kerror: [m[Kbase operand of '[01m[K->[m[K' is not a pointer
   12 |   double left = msg[01;31m[K->[m[Kranges[719];
      |                    [01;31m[K^~[m[K
[01m[K/home/user/catkin_ws/src/topics_quiz/src/topics_quiz_node.cpp:13:21:[m[K [01;31m[Kerror: [m[Kbase operand of '[01m[K->[m[K' is not a pointer
   13 |   double right = msg[01;31m[K->[m[Kranges[0];
      |                     [01;31m[K^~[m[K
In file included from [01m[K/opt/ros/noetic/include/ros/serialization.h:37[m[K,
                 from [01m[K/opt/ros/noetic/include/geometry_msgs/Twist.h:14[m[K,
                 from [01m[K/home/user/catkin_ws/src/topics_quiz/src/topics_quiz_node.cpp:1[m[K:
/opt/ros/noetic/include/ros/message_traits.h: In instantiation of '[01m[Kstatic const char* ros::message_traits::MD5Sum<M>::value(const M&) [with M = double][m[K':
[01m[K/opt/ros/noetic/include/ros/message_traits.h:254:102:[m[K   required from '[01m[Kconst char* ros::message_traits::md5sum(const M&) [with M = double][m[K'
[01m[K/opt/ros/noetic/include/ros/publisher.h:114:7:[m[K   required from '[01m[Kvoid ros::Publisher::publish(const M&) const [with M = double][m[K'
[01m[K/home/user/catkin_ws/src/topics_quiz/src/topics_quiz_node.cpp:19:29:[m[K   required from here
[01m[K/opt/ros/noetic/include/ros/message_traits.h:125:14:[m[K [01;31m[Kerror: [m[Krequest for member '[01m[K__getMD5Sum[m[K' in '[01m[Km[m[K', which is of non-class type '[01m[Kconst double[m[K'
  125 |     return [01;31m[Km.__getMD5Sum[m[K().c_str();
      |            [01;31m[K~~^~~~~~~~~~~[m[K
/opt/ros/noetic/include/ros/message_traits.h: In instantiation of '[01m[Kstatic const char* ros::message_traits::DataType<M>::value(const M&) [with M = double][m[K':
[01m[K/opt/ros/noetic/include/ros/message_traits.h:263:104:[m[K   required from '[01m[Kconst char* ros::message_traits::datatype(const M&) [with M = double][m[K'
[01m[K/opt/ros/noetic/include/ros/publisher.h:114:7:[m[K   required from '[01m[Kvoid ros::Publisher::publish(const M&) const [with M = double][m[K'
[01m[K/home/user/catkin_ws/src/topics_quiz/src/topics_quiz_node.cpp:19:29:[m[K   required from here
[01m[K/opt/ros/noetic/include/ros/message_traits.h:142:14:[m[K [01;31m[Kerror: [m[Krequest for member '[01m[K__getDataType[m[K' in '[01m[Km[m[K', which is of non-class type '[01m[Kconst double[m[K'
  142 |     return [01;31m[Km.__getDataType[m[K().c_str();
      |            [01;31m[K~~^~~~~~~~~~~~~[m[K
/opt/ros/noetic/include/ros/message_traits.h: In instantiation of '[01m[Kstatic const char* ros::message_traits::MD5Sum<M>::value() [with M = int][m[K':
[01m[K/opt/ros/noetic/include/ros/message_traits.h:227:102:[m[K   required from '[01m[Kconst char* ros::message_traits::md5sum() [with M = int][m[K'
[01m[K/opt/ros/noetic/include/ros/subscribe_options.h:89:49:[m[K   required from '[01m[Kvoid ros::SubscribeOptions::initByFullCallbackType(const string&, uint32_t, const boost::function<void(P)>&, const boost::function<boost::shared_ptr<typename ros::ParameterAdapter<P>::Message>()>&) [with P = const int&; std::string = std::__cxx11::basic_string<char>; uint32_t = unsigned int; typename ros::ParameterAdapter<P>::Message = int][m[K'
[01m[K/opt/ros/noetic/include/ros/node_handle.h:659:5:[m[K   required from '[01m[Kros::Subscriber ros::NodeHandle::subscribe(const string&, uint32_t, void (*)(M), const ros::TransportHints&) [with M = const int&; std::string = std::__cxx11::basic_string<char>; uint32_t = unsigned int][m[K'
[01m[K/home/user/catkin_ws/src/topics_quiz/src/topics_quiz_node.cpp:43:61:[m[K   required from here
[01m[K/opt/ros/noetic/include/ros/message_traits.h:120:28:[m[K [01;31m[Kerror: [m[K'[01m[K__s_getMD5Sum[m[K' is not a member of '[01m[Kint[m[K'
  120 |     return [01;31m[KM::__s_getMD5Sum()[m[K.c_str();
      |            [01;31m[K~~~~~~~~~~~~~~~~^~[m[K
/opt/ros/noetic/include/ros/message_traits.h: In instantiation of '[01m[Kstatic const char* ros::message_traits::DataType<M>::value() [with M = int][m[K':
[01m[K/opt/ros/noetic/include/ros/message_traits.h:236:104:[m[K   required from '[01m[Kconst char* ros::message_traits::datatype() [with M = int][m[K'
[01m[K/opt/ros/noetic/include/ros/subscribe_options.h:90:53:[m[K   required from '[01m[Kvoid ros::SubscribeOptions::initByFullCallbackType(const string&, uint32_t, const boost::function<void(P)>&, const boost::function<boost::shared_ptr<typename ros::ParameterAdapter<P>::Message>()>&) [with P = const int&; std::string = std::__cxx11::basic_string<char>; uint32_t = unsigned int; typename ros::ParameterAdapter<P>::Message = int][m[K'
[01m[K/opt/ros/noetic/include/ros/node_handle.h:659:5:[m[K   required from '[01m[Kros::Subscriber ros::NodeHandle::subscribe(const string&, uint32_t, void (*)(M), const ros::TransportHints&) [with M = const int&; std::string = std::__cxx11::basic_string<char>; uint32_t = unsigned int][m[K'
[01m[K/home/user/catkin_ws/src/topics_quiz/src/topics_quiz_node.cpp:43:61:[m[K   required from here
[01m[K/opt/ros/noetic/include/ros/message_traits.h:137:30:[m[K [01;31m[Kerror: [m[K'[01m[K__s_getDataType[m[K' is not a member of '[01m[Kint[m[K'
  137 |     return [01;31m[KM::__s_getDataType()[m[K.c_str();
      |            [01;31m[K~~~~~~~~~~~~~~~~~~^~[m[K
make[2]: *** [CMakeFiles/top_quiz.dir/build.make:63: CMakeFiles/top_quiz.dir/src/topics_quiz_node.cpp.o] Error 1
make[1]: *** [CMakeFiles/Makefile2:169: CMakeFiles/top_quiz.dir/all] Error 2
make: *** [Makefile:141: all] Error 2
