In file included from [01m[K/opt/ros/noetic/include/ros/ros.h:40[m[K,
                 from [01m[K/home/user/catkin_ws/src/topics_quiz/src/topics_quiz_node.cpp:2[m[K:
[01m[K/home/user/catkin_ws/src/topics_quiz/src/topics_quiz_node.cpp:[m[K In function '[01m[Kvoid laserCallback(const ConstPtr&)[m[K':
[01m[K/home/user/catkin_ws/src/topics_quiz/src/topics_quiz_node.cpp:15:12:[m[K [01;35m[Kwarning: [m[Kformat '[01m[K%d[m[K' expects argument of type '[01m[Kint[m[K', but argument 8 has type '[01m[Kdouble[m[K' [[01;35m[K-Wformat=[m[K]
   15 |   ROS_INFO([01;35m[K"%d"[m[K, msg->ranges[360]);
      |            [01;35m[K^~~~[m[K
[01m[K/opt/ros/noetic/include/ros/console.h:351:165:[m[K [01;36m[Knote: [m[Kin definition of macro '[01m[KROSCONSOLE_PRINT_AT_LOCATION_WITH_FILTER[m[K'
  351 |     ::ros::console::print(filter, __rosconsole_define_location__loc.logger_, __rosconsole_define_location__loc.level_, __FILE__, __LINE__, __ROSCONSOLE_FUNCTION__, [01;36m[K__VA_ARGS__[m[K)
      |                                                                                                                                                                     [01;36m[K^~~~~~~~~~~[m[K
[01m[K/opt/ros/noetic/include/ros/console.h:390:7:[m[K [01;36m[Knote: [m[Kin expansion of macro '[01m[KROSCONSOLE_PRINT_AT_LOCATION[m[K'
  390 |       [01;36m[KROSCONSOLE_PRINT_AT_LOCATION[m[K(__VA_ARGS__); \
      |       [01;36m[K^~~~~~~~~~~~~~~~~~~~~~~~~~~~[m[K
[01m[K/opt/ros/noetic/include/ros/console.h:575:35:[m[K [01;36m[Knote: [m[Kin expansion of macro '[01m[KROS_LOG_COND[m[K'
  575 | #define ROS_LOG(level, name, ...) [01;36m[KROS_LOG_COND[m[K(true, level, name, __VA_ARGS__)
      |                                   [01;36m[K^~~~~~~~~~~~[m[K
[01m[K/opt/ros/noetic/include/rosconsole/macros_generated.h:110:23:[m[K [01;36m[Knote: [m[Kin expansion of macro '[01m[KROS_LOG[m[K'
  110 | #define ROS_INFO(...) [01;36m[KROS_LOG[m[K(::ros::console::levels::Info, ROSCONSOLE_DEFAULT_NAME, __VA_ARGS__)
      |                       [01;36m[K^~~~~~~[m[K
[01m[K/home/user/catkin_ws/src/topics_quiz/src/topics_quiz_node.cpp:15:3:[m[K [01;36m[Knote: [m[Kin expansion of macro '[01m[KROS_INFO[m[K'
   15 |   [01;36m[KROS_INFO[m[K("%d", msg->ranges[360]);
      |   [01;36m[K^~~~~~~~[m[K
[01m[K/home/user/catkin_ws/src/topics_quiz/src/topics_quiz_node.cpp:15:14:[m[K [01;36m[Knote: [m[Kformat string is defined here
   15 |   ROS_INFO("[01;36m[K%d[m[K", msg->ranges[360]);
      |             [01;36m[K~^[m[K
      |              [01;36m[K|[m[K
      |              [01;36m[Kint[m[K
      |             [32m[K%f[m[K
[01m[K/home/user/catkin_ws/src/topics_quiz/src/topics_quiz_node.cpp:24:24:[m[K [01;31m[Kerror: [m[Kexpected '[01m[K;[m[K' before '[01m[K}[m[K' token
   24 |     mov.angular.z = 0.2
      |                        [01;31m[K^[m[K
      |                        [32m[K;[m[K
   25 |   [32m[K}[m[K else {
      |   [32m[K~[m[K                     
make[2]: *** [CMakeFiles/topics_quiz_node.dir/build.make:63: CMakeFiles/topics_quiz_node.dir/src/topics_quiz_node.cpp.o] Error 1
make[1]: *** [CMakeFiles/Makefile2:250: CMakeFiles/topics_quiz_node.dir/all] Error 2
make: *** [Makefile:141: all] Error 2
