[01m[K/home/user/catkin_ws/src/topics_quiz/src/topics_quiz_node.cpp:[m[K In function '[01m[Kint main(int, char**)[m[K':
[01m[K/home/user/catkin_ws/src/topics_quiz/src/topics_quiz_node.cpp:49:8:[m[K [01;31m[Kerror: [m[K'[01m[KRare[m[K' is not a member of '[01m[Kros[m[K'; did you mean '[01m[KRate[m[K'?
   49 |   ros::[01;31m[KRare[m[K rate(2);
      |        [01;31m[K^~~~[m[K
      |        [32m[KRate[m[K
[01m[K/home/user/catkin_ws/src/topics_quiz/src/topics_quiz_node.cpp:58:27:[m[K [01;31m[Kerror: [m[Kexpected '[01m[K;[m[K' before '[01m[K}[m[K' token
   58 |       mov.angular.z = -0.4
      |                           [01;31m[K^[m[K
      |                           [32m[K;[m[K
   59 |     [32m[K}[m[K else if (st < 1 || right < 1) {
      |     [32m[K~[m[K                      
[01m[K/home/user/catkin_ws/src/topics_quiz/src/topics_quiz_node.cpp:64:17:[m[K [01;31m[Kerror: [m[K'[01m[Kmove[m[K' was not declared in this scope
   64 |     pub.publish([01;31m[Kmove[m[K);
      |                 [01;31m[K^~~~[m[K
[01m[K/home/user/catkin_ws/src/topics_quiz/src/topics_quiz_node.cpp:64:17:[m[K [01;36m[Knote: [m[Ksuggested alternatives:
In file included from [01m[K/usr/include/c++/9/bits/char_traits.h:39[m[K,
                 from [01m[K/usr/include/c++/9/string:40[m[K,
                 from [01m[K/opt/ros/noetic/include/geometry_msgs/Twist.h:9[m[K,
                 from [01m[K/home/user/catkin_ws/src/topics_quiz/src/topics_quiz_node.cpp:1[m[K:
[01m[K/usr/include/c++/9/bits/stl_algobase.h:497:5:[m[K [01;36m[Knote: [m[K  '[01m[Kstd::move[m[K'
  497 |     [01;36m[Kmove[m[K(_II __first, _II __last, _OI __result)
      |     [01;36m[K^~~~[m[K
In file included from [01m[K/usr/include/boost/thread/lock_types.hpp:11[m[K,
                 from [01m[K/usr/include/boost/thread/pthread/mutex.hpp:16[m[K,
                 from [01m[K/usr/include/boost/thread/mutex.hpp:16[m[K,
                 from [01m[K/opt/ros/noetic/include/ros/publisher.h:36[m[K,
                 from [01m[K/opt/ros/noetic/include/ros/node_handle.h:32[m[K,
                 from [01m[K/opt/ros/noetic/include/ros/ros.h:45[m[K,
                 from [01m[K/home/user/catkin_ws/src/topics_quiz/src/topics_quiz_node.cpp:2[m[K:
[01m[K/usr/include/boost/thread/detail/move.hpp:71:37:[m[K [01;36m[Knote: [m[K  '[01m[Kboost::move[m[K'
   71 |     boost::detail::thread_move_t<T> [01;36m[Kmove[m[K(boost::detail::thread_move_t<T> t)
      |                                     [01;36m[K^~~~[m[K
[01m[K/home/user/catkin_ws/src/topics_quiz/src/topics_quiz_node.cpp:66:5:[m[K [01;31m[Kerror: [m[K'[01m[Krate[m[K' was not declared in this scope
   66 |     [01;31m[Krate[m[K.sleep();
      |     [01;31m[K^~~~[m[K
make[2]: *** [CMakeFiles/topics_quiz_node.dir/build.make:63: CMakeFiles/topics_quiz_node.dir/src/topics_quiz_node.cpp.o] Error 1
make[1]: *** [CMakeFiles/Makefile2:250: CMakeFiles/topics_quiz_node.dir/all] Error 2
make: *** [Makefile:141: all] Error 2
